<?xml version="1.0" encoding="UTF-8"?>
<coverage generated="1599511744958" clover="3.2.0">
  <project timestamp="1599511744959" name="All files">
    <metrics statements="10" coveredstatements="10" conditionals="2" coveredconditionals="2" methods="1" coveredmethods="1" elements="13" coveredelements="13" complexity="0" loc="10" ncloc="10" packages="1" files="1" classes="1"/>
    <file name="array-shift.js" path="/home/aq/Desktop/LTUC/401-data-structures-and-algorithms/challenges/arrayShift/array-shift.js">
      <metrics statements="10" coveredstatements="10" conditionals="2" coveredconditionals="2" methods="1" coveredmethods="1"/>
      <line num="1" count="1" type="stmt"/>
      <line num="2" count="1" type="stmt"/>
      <line num="3" count="1" type="stmt"/>
      <line num="4" count="1" type="stmt"/>
      <line num="5" count="1" type="stmt"/>
      <line num="6" count="2" type="stmt"/>
      <line num="7" count="2" type="cond" truecount="2" falsecount="0"/>
      <line num="8" count="1" type="stmt"/>
      <line num="11" count="1" type="stmt"/>
      <line num="14" count="1" type="stmt"/>
    </file>
  </project>
</coverage>
